<?xml version="1.0" encoding="UTF-8"?>
<Site BuildName="Darwin-clang++"
	BuildStamp="20251110-0214-Experimental"
	Name="Cassians-Laptop.local"
	Generator="ctest-4.1.2"
	CompilerName="/usr/bin/clang++"
	CompilerVersion="15.0.0.15000309"
	OSName="macOS"
	Hostname="Cassians-Laptop.local"
	OSRelease="26.0.1"
	OSVersion="25A362"
	OSPlatform="arm64"
	Is64Bits="1"
	VendorString="Apple"
	VendorID="Apple"
	FamilyID="0"
	ModelID="0"
	ModelName="Apple M1"
	ProcessorCacheSize="131072"
	NumberOfLogicalCPU="8"
	NumberOfPhysicalCPU="8"
	TotalVirtualMemory="9216"
	TotalPhysicalMemory="8192"
	LogicalProcessorsPerPhysical="8"
	ProcessorClockFrequency="0"
	>
	<Testing>
		<StartDateTime>Nov 10 16:04 PST</StartDateTime>
		<StartTestTime>1762819454</StartTestTime>
		<TestList/>
		<EndDateTime>Nov 10 16:04 PST</EndDateTime>
		<EndTestTime>1762819454</EndTestTime>
		<ElapsedMinutes>0</ElapsedMinutes>
	</Testing>
</Site>
